\BOOKMARK [0][-]{chapter.1}{Opening Remarks}{}% 1
\BOOKMARK [0][-]{chapter.2}{Topographic Maps: Biology, Measurement, and Theory }{}% 2
\BOOKMARK [1][-]{section.2.1}{Fundamental Biology }{chapter.2}% 3
\BOOKMARK [2][-]{subsection.2.1.1}{Cells and neurons}{section.2.1}% 4
\BOOKMARK [2][-]{subsection.2.1.2}{Receptors and Ligands}{section.2.1}% 5
\BOOKMARK [2][-]{subsection.2.1.3}{Topographic Maps}{section.2.1}% 6
\BOOKMARK [1][-]{section.2.2}{Mouse Physiology, Anatomy, and Developmental Pathways}{chapter.2}% 7
\BOOKMARK [1][-]{section.2.3}{Measurement and Data Analysis}{chapter.2}% 8
\BOOKMARK [2][-]{subsection.2.3.1}{Microscopy}{section.2.3}% 9
\BOOKMARK [2][-]{subsection.2.3.2}{Tracer Injections}{section.2.3}% 10
\BOOKMARK [2][-]{subsection.2.3.3}{Calcium Imaging}{section.2.3}% 11
\BOOKMARK [2][-]{subsection.2.3.4}{Intrinsic Optical Imaging }{section.2.3}% 12
\BOOKMARK [2][-]{subsection.2.3.5}{Electrophysiological recording}{section.2.3}% 13
\BOOKMARK [2][-]{subsection.2.3.6}{Lattice Method }{section.2.3}% 14
\BOOKMARK [1][-]{section.2.4}{Mutant Mouse Observations}{chapter.2}% 15
\BOOKMARK [2][-]{subsection.2.4.1}{Ephs and Ephrins}{section.2.4}% 16
\BOOKMARK [2][-]{subsection.2.4.2}{EphrinA knock-outs}{section.2.4}% 17
\BOOKMARK [2][-]{subsection.2.4.3}{EphA3 knock-in }{section.2.4}% 18
\BOOKMARK [2][-]{subsection.2.4.4}{Neural Activity}{section.2.4}% 19
\BOOKMARK [2][-]{subsection.2.4.5}{Math5-/- mutant}{section.2.4}% 20
\BOOKMARK [1][-]{section.2.5}{Developmental Theory }{chapter.2}% 21
\BOOKMARK [2][-]{subsection.2.5.1}{Competitive Hypothesis}{section.2.5}% 22
\BOOKMARK [2][-]{subsection.2.5.2}{Chemo-affinity Hypothesis }{section.2.5}% 23
\BOOKMARK [2][-]{subsection.2.5.3}{Activity Driven Hypothesis}{section.2.5}% 24
\BOOKMARK [2][-]{subsection.2.5.4}{Unified Mechanisms}{section.2.5}% 25
\BOOKMARK [0][-]{chapter.3}{Topographic Maps: Mathematical and Computational Modelling }{}% 26
\BOOKMARK [1][-]{section.3.1}{Fundamental Mathematics}{chapter.3}% 27
\BOOKMARK [2][-]{subsection.3.1.1}{Fourier Transform}{section.3.1}% 28
\BOOKMARK [2][-]{subsection.3.1.2}{Cauchy's Residue Theorem}{section.3.1}% 29
\BOOKMARK [2][-]{subsection.3.1.3}{Variational Calculus}{section.3.1}% 30
\BOOKMARK [2][-]{subsection.3.1.4}{Euler-Lagrange Equations}{section.3.1}% 31
\BOOKMARK [2][-]{subsection.3.1.5}{Numerical Minimisation }{section.3.1}% 32
\BOOKMARK [2][-]{subsection.3.1.6}{Optimisation}{section.3.1}% 33
\BOOKMARK [1][-]{section.3.2}{Modelling of Retinotopic Maps }{chapter.3}% 34
\BOOKMARK [2][-]{subsection.3.2.1}{Competition}{section.3.2}% 35
\BOOKMARK [2][-]{subsection.3.2.2}{Chemotaxis }{section.3.2}% 36
\BOOKMARK [2][-]{subsection.3.2.3}{Activity }{section.3.2}% 37
\BOOKMARK [2][-]{subsection.3.2.4}{Neuroplasticity}{section.3.2}% 38
\BOOKMARK [2][-]{subsection.3.2.5}{Activity Based Topographic Development}{section.3.2}% 39
\BOOKMARK [2][-]{subsection.3.2.6}{Mechanical-sensing Models}{section.3.2}% 40
\BOOKMARK [2][-]{subsection.3.2.7}{Unified Models}{section.3.2}% 41
\BOOKMARK [2][-]{subsection.3.2.8}{Comments}{section.3.2}% 42
\BOOKMARK [2][-]{subsection.3.2.9}{Model Assessment }{section.3.2}% 43
\BOOKMARK [1][-]{section.3.3}{The Elastic Net and NP-Complete Problems }{chapter.3}% 44
\BOOKMARK [1][-]{section.3.4}{Conclusions and Existing Problems}{chapter.3}% 45
\BOOKMARK [2][-]{subsection.3.4.1}{2-/- mutant Analysis }{section.3.4}% 46
\BOOKMARK [2][-]{subsection.3.4.2}{EphA3 Knock-In Dataset }{section.3.4}% 47
\BOOKMARK [2][-]{subsection.3.4.3}{Efficient Unified Modelling }{section.3.4}% 48
\BOOKMARK [2][-]{subsection.3.4.4}{Heuristics}{section.3.4}% 49
\BOOKMARK [0][-]{chapter.4}{Neural Field Theory: Quantitative Assessment of the Role of Activity }{}% 50
\BOOKMARK [1][-]{section.4.1}{Preface}{chapter.4}% 51
\BOOKMARK [1][-]{section.4.2}{Introduction}{chapter.4}% 52
\BOOKMARK [1][-]{section.4.3}{Model}{chapter.4}% 53
\BOOKMARK [1][-]{section.4.4}{Analysis}{chapter.4}% 54
\BOOKMARK [2][-]{subsection.4.4.1}{Computational Analysis and Parameter Estimation}{section.4.4}% 55
\BOOKMARK [1][-]{section.4.5}{Discussion}{chapter.4}% 56
\BOOKMARK [0][-]{chapter.5}{Lattice Method Analysis: Analysing a Stochastic Development Hypothesis }{}% 57
\BOOKMARK [1][-]{section.5.1}{Preface}{chapter.5}% 58
\BOOKMARK [1][-]{section.5.2}{Introduction}{chapter.5}% 59
\BOOKMARK [1][-]{section.5.3}{Data Analysis }{chapter.5}% 60
\BOOKMARK [2][-]{subsection.5.3.1}{Reanalysis of Experimental Data }{section.5.3}% 61
\BOOKMARK [1][-]{section.5.4}{Modelling Pipeline}{chapter.5}% 62
\BOOKMARK [2][-]{subsection.5.4.1}{Anatomical Model}{section.5.4}% 63
\BOOKMARK [2][-]{subsection.5.4.2}{Spiking Model of Neural Activity}{section.5.4}% 64
\BOOKMARK [2][-]{subsection.5.4.3}{Optical Image Scan Reconstruction }{section.5.4}% 65
\BOOKMARK [1][-]{section.5.5}{Results}{chapter.5}% 66
\BOOKMARK [2][-]{subsection.5.5.1}{Anatomical Experiments}{section.5.5}% 67
\BOOKMARK [2][-]{subsection.5.5.2}{Lattice Analysis}{section.5.5}% 68
\BOOKMARK [2][-]{subsection.5.5.3}{Statistical Discrimination of Phenotypes}{section.5.5}% 69
\BOOKMARK [2][-]{subsection.5.5.4}{Neural Activity Perturbations}{section.5.5}% 70
\BOOKMARK [1][-]{section.5.6}{Discussion}{chapter.5}% 71
\BOOKMARK [0][-]{chapter.6}{Extended Unifying Model: Efficiently Simulating Retinotopic Development Via Parallelization }{}% 72
\BOOKMARK [1][-]{section.6.1}{Preface}{chapter.6}% 73
\BOOKMARK [1][-]{section.6.2}{Introduction}{chapter.6}% 74
\BOOKMARK [1][-]{section.6.3}{Distributed Kernels Model Definition}{chapter.6}% 75
\BOOKMARK [2][-]{subsection.6.3.1}{Representation of Physical Structures}{section.6.3}% 76
\BOOKMARK [2][-]{subsection.6.3.2}{Mechanisms}{section.6.3}% 77
\BOOKMARK [2][-]{subsection.6.3.3}{Chemotaxis}{section.6.3}% 78
\BOOKMARK [2][-]{subsection.6.3.4}{Neural Activity}{section.6.3}% 79
\BOOKMARK [2][-]{subsection.6.3.5}{Competition}{section.6.3}% 80
\BOOKMARK [2][-]{subsection.6.3.6}{Delayed Competition and Neural Activity Activation}{section.6.3}% 81
\BOOKMARK [2][-]{subsection.6.3.7}{Generating the Kernel}{section.6.3}% 82
\BOOKMARK [2][-]{subsection.6.3.8}{Auto-Differentiation: Efficient Computation of Derivatives}{section.6.3}% 83
\BOOKMARK [2][-]{subsection.6.3.9}{Code and System Specifics}{section.6.3}% 84
\BOOKMARK [1][-]{section.6.4}{Results}{chapter.6}% 85
\BOOKMARK [2][-]{subsection.6.4.1}{Phenotype Reproduction}{section.6.4}% 86
\BOOKMARK [2][-]{subsection.6.4.2}{ephrinA Triple Knockout}{section.6.4}% 87
\BOOKMARK [2][-]{subsection.6.4.3}{Math5 knock-out}{section.6.4}% 88
\BOOKMARK [2][-]{subsection.6.4.4}{EphA3 knock-in}{section.6.4}% 89
\BOOKMARK [2][-]{subsection.6.4.5}{2 knock-out}{section.6.4}% 90
\BOOKMARK [1][-]{section.6.5}{Discussion}{chapter.6}% 91
\BOOKMARK [0][-]{chapter.7}{The Elastic Neighbourhood: Solving Travelling Salesman Problems using Topographic Developmental Principles }{}% 92
\BOOKMARK [1][-]{section.7.1}{Preface}{chapter.7}% 93
\BOOKMARK [1][-]{section.7.2}{Introduction }{chapter.7}% 94
\BOOKMARK [1][-]{section.7.3}{Method}{chapter.7}% 95
\BOOKMARK [2][-]{subsection.7.3.1}{Energy Functional}{section.7.3}% 96
\BOOKMARK [2][-]{subsection.7.3.2}{Minimisation}{section.7.3}% 97
\BOOKMARK [2][-]{subsection.7.3.3}{Parameters}{section.7.3}% 98
\BOOKMARK [2][-]{subsection.7.3.4}{Computational Complexity}{section.7.3}% 99
\BOOKMARK [2][-]{subsection.7.3.5}{Space-Filling and Competition }{section.7.3}% 100
\BOOKMARK [1][-]{section.7.4}{Results}{chapter.7}% 101
\BOOKMARK [2][-]{subsection.7.4.1}{Runtime Performance}{section.7.4}% 102
\BOOKMARK [2][-]{subsection.7.4.2}{Initialisation and Optimisation}{section.7.4}% 103
\BOOKMARK [2][-]{subsection.7.4.3}{TSP Heuristics Comparison}{section.7.4}% 104
\BOOKMARK [2][-]{subsection.7.4.4}{Mona Lisa and Art Tours}{section.7.4}% 105
\BOOKMARK [2][-]{subsection.7.4.5}{Feature Selectivity}{section.7.4}% 106
\BOOKMARK [1][-]{section.7.5}{Discussion}{chapter.7}% 107
\BOOKMARK [0][-]{chapter.8}{Concluding Remarks and Future Work}{}% 108
\BOOKMARK [1][-]{section.8.1}{Neural Field Theory}{chapter.8}% 109
\BOOKMARK [1][-]{section.8.2}{Analysis of the Stochastic Development Hypothesis}{chapter.8}% 110
\BOOKMARK [1][-]{section.8.3}{Distributed Kernels Model}{chapter.8}% 111
\BOOKMARK [1][-]{section.8.4}{Elastic Neighbourhood}{chapter.8}% 112
\BOOKMARK [1][-]{section.8.5}{Final Remarks}{chapter.8}% 113
\BOOKMARK [-1][-]{chapter*.198}{References}{}% 114
\BOOKMARK [0][-]{appendix.A}{}{chapter*.198}% 115
\BOOKMARK [0][-]{appendix.B}{}{chapter*.198}% 116
